[2025-10-29 19:13:42,168: INFO: main: Welcome to our custom log]
[2025-11-07 11:32:04,006: INFO: common: yaml file: config\config.yaml loaded successfully]
[2025-11-07 11:32:04,083: INFO: common: yaml file: params.yaml loaded successfully]
[2025-11-07 11:51:02,968: INFO: common: yaml file: config\config.yaml loaded successfully]
[2025-11-07 11:51:02,977: INFO: common: yaml file: params.yaml loaded successfully]
[2025-11-07 11:53:00,800: INFO: common: yaml file: config\config.yaml loaded successfully]
[2025-11-07 11:53:00,806: INFO: common: yaml file: params.yaml loaded successfully]
[2025-11-07 11:53:00,809: INFO: common: created directory at: artifacts]
[2025-11-07 11:53:00,809: INFO: common: created directory at: artifacts/data_ingestion]
[2025-11-07 11:53:00,809: INFO: 1579108944: Downloading data from https://drive.google.com/file/d/1vlhZ5c7abUKF8xXERIw6m9Te8fW7ohw3/view?usp=sharing into file artifacts/data_ingestion/data.zip]
[2025-11-07 11:53:18,027: INFO: 1579108944: Downloaded data from https://drive.google.com/file/d/1vlhZ5c7abUKF8xXERIw6m9Te8fW7ohw3/view?usp=sharing into file artifacts/data_ingestion/data.zip]
[2025-11-07 12:34:03,939: INFO: main: >>>>> stage Data Ingestion stage started <<<<<]
[2025-11-07 12:34:03,991: INFO: common: yaml file: config\config.yaml loaded successfully]
[2025-11-07 12:34:03,991: INFO: common: yaml file: params.yaml loaded successfully]
[2025-11-07 12:34:03,991: INFO: common: created directory at: artifacts]
[2025-11-07 12:34:04,002: INFO: common: created directory at: artifacts/data_ingestion]
[2025-11-07 12:34:04,002: INFO: data_ingestion: Downloading data from https://drive.google.com/file/d/1vlhZ5c7abUKF8xXERIw6m9Te8fW7ohw3/view?usp=sharing into file artifacts/data_ingestion/data.zip]
[2025-11-07 12:34:19,287: INFO: data_ingestion: Downloaded data from https://drive.google.com/file/d/1vlhZ5c7abUKF8xXERIw6m9Te8fW7ohw3/view?usp=sharing into file artifacts/data_ingestion/data.zip]
[2025-11-07 12:34:20,204: INFO: main: >>>>> stage Data Ingestion stage completed <<<<<]
[2025-11-11 18:26:25,328: INFO: common: yaml file: config\config.yaml loaded successfully]
[2025-11-11 18:26:25,771: INFO: common: yaml file: params.yaml loaded successfully]
[2025-11-11 18:26:25,955: INFO: common: created directory at: artifacts]
[2025-11-11 18:26:26,068: INFO: common: created directory at: artifacts/prepare_base_model]
[2025-11-11 18:29:42,712: INFO: common: yaml file: config\config.yaml loaded successfully]
[2025-11-11 18:29:42,712: INFO: common: yaml file: params.yaml loaded successfully]
[2025-11-11 18:29:42,725: INFO: common: created directory at: artifacts]
[2025-11-11 18:29:42,728: INFO: common: created directory at: artifacts/prepare_base_model]
[2025-11-11 18:32:24,482: INFO: common: yaml file: config\config.yaml loaded successfully]
[2025-11-11 18:32:24,491: INFO: common: yaml file: params.yaml loaded successfully]
[2025-11-11 18:32:24,495: INFO: common: created directory at: artifacts]
[2025-11-11 18:32:24,499: INFO: common: created directory at: artifacts/prepare_base_model]
[2025-11-11 18:32:25,637: WARNING: saving_utils: Compiled the loaded model, but the compiled metrics have yet to be built. `model.compile_metrics` will be empty until you train or evaluate the model.]
[2025-11-11 18:33:21,028: INFO: common: yaml file: config\config.yaml loaded successfully]
[2025-11-11 18:33:21,036: INFO: common: yaml file: params.yaml loaded successfully]
[2025-11-11 18:33:21,043: INFO: common: created directory at: artifacts]
[2025-11-11 18:33:21,047: INFO: common: created directory at: artifacts/prepare_base_model]
[2025-11-11 18:33:22,631: WARNING: saving_utils: Compiled the loaded model, but the compiled metrics have yet to be built. `model.compile_metrics` will be empty until you train or evaluate the model.]
[2025-11-11 19:35:41,166: INFO: main: >>>>> stage Data Ingestion stage started <<<<<]
[2025-11-11 19:35:41,314: INFO: common: yaml file: config\config.yaml loaded successfully]
[2025-11-11 19:35:41,339: INFO: common: yaml file: params.yaml loaded successfully]
[2025-11-11 19:35:41,379: INFO: common: created directory at: artifacts]
[2025-11-11 19:35:41,379: INFO: common: created directory at: artifacts/data_ingestion]
[2025-11-11 19:35:41,379: INFO: data_ingestion: Downloading data from https://drive.google.com/file/d/1vlhZ5c7abUKF8xXERIw6m9Te8fW7ohw3/view?usp=sharing into file artifacts/data_ingestion/data.zip]
[2025-11-11 19:35:58,637: INFO: data_ingestion: Downloaded data from https://drive.google.com/file/d/1vlhZ5c7abUKF8xXERIw6m9Te8fW7ohw3/view?usp=sharing into file artifacts/data_ingestion/data.zip]
[2025-11-11 19:36:00,624: INFO: main: >>>>> stage Data Ingestion stage completed <<<<<]
[2025-11-11 19:36:00,624: INFO: main: >>>>> stage Prepare Base Model started <<<<<]
[2025-11-11 19:36:00,637: INFO: common: yaml file: config\config.yaml loaded successfully]
[2025-11-11 19:36:00,642: INFO: common: yaml file: params.yaml loaded successfully]
[2025-11-11 19:36:00,642: INFO: common: created directory at: artifacts]
[2025-11-11 19:36:00,642: INFO: common: created directory at: artifacts/prepare_base_model]
[2025-11-11 19:36:02,040: WARNING: saving_utils: Compiled the loaded model, but the compiled metrics have yet to be built. `model.compile_metrics` will be empty until you train or evaluate the model.]
[2025-11-11 19:36:03,647: INFO: main: >>>>> stage Prepare Base Model completed <<<<<]
[2025-11-12 11:16:30,052: INFO: common: yaml file: config\config.yaml loaded successfully]
[2025-11-12 11:16:30,335: INFO: common: yaml file: params.yaml loaded successfully]
[2025-11-12 11:16:30,383: INFO: common: created directory at: artifacts]
[2025-11-12 11:16:30,406: INFO: common: created directory at: artifacts\training]
[2025-11-12 11:18:34,748: INFO: common: yaml file: config\config.yaml loaded successfully]
[2025-11-12 11:18:34,757: INFO: common: yaml file: params.yaml loaded successfully]
[2025-11-12 11:18:34,764: INFO: common: created directory at: artifacts]
[2025-11-12 11:18:34,766: INFO: common: created directory at: artifacts\training]
[2025-11-12 11:20:07,433: INFO: common: yaml file: config\config.yaml loaded successfully]
[2025-11-12 11:20:07,447: INFO: common: yaml file: params.yaml loaded successfully]
[2025-11-12 11:20:07,447: INFO: common: created directory at: artifacts]
[2025-11-12 11:20:07,455: INFO: common: created directory at: artifacts\training]
[2025-11-12 11:27:14,026: INFO: common: yaml file: config\config.yaml loaded successfully]
[2025-11-12 11:27:14,034: INFO: common: yaml file: params.yaml loaded successfully]
[2025-11-12 11:27:14,043: INFO: common: created directory at: artifacts]
[2025-11-12 11:27:14,050: INFO: common: created directory at: artifacts\training]
[2025-11-12 11:31:40,069: INFO: common: yaml file: config\config.yaml loaded successfully]
[2025-11-12 11:31:40,081: INFO: common: yaml file: params.yaml loaded successfully]
[2025-11-12 11:31:40,088: INFO: common: created directory at: artifacts]
[2025-11-12 11:31:40,092: INFO: common: created directory at: artifacts\training]
[2025-11-12 11:32:21,788: INFO: common: yaml file: config\config.yaml loaded successfully]
[2025-11-12 11:32:21,798: INFO: common: yaml file: params.yaml loaded successfully]
[2025-11-12 11:32:21,806: INFO: common: created directory at: artifacts]
[2025-11-12 11:32:21,811: INFO: common: created directory at: artifacts\training]
[2025-11-12 11:35:01,767: INFO: common: yaml file: config\config.yaml loaded successfully]
[2025-11-12 11:35:01,779: INFO: common: yaml file: params.yaml loaded successfully]
[2025-11-12 11:35:01,784: INFO: common: created directory at: artifacts]
[2025-11-12 11:35:01,787: INFO: common: created directory at: artifacts\training]
[2025-11-12 11:36:24,198: INFO: common: yaml file: config\config.yaml loaded successfully]
[2025-11-12 11:36:24,202: INFO: common: yaml file: params.yaml loaded successfully]
[2025-11-12 11:36:24,211: INFO: common: created directory at: artifacts]
[2025-11-12 11:36:24,218: INFO: common: created directory at: artifacts\training]
[2025-11-12 11:36:52,642: INFO: common: yaml file: config\config.yaml loaded successfully]
[2025-11-12 11:36:52,677: INFO: common: yaml file: params.yaml loaded successfully]
[2025-11-12 11:36:52,685: INFO: common: created directory at: artifacts]
[2025-11-12 11:36:52,693: INFO: common: created directory at: artifacts\training]
[2025-11-12 11:38:20,179: INFO: common: yaml file: config\config.yaml loaded successfully]
[2025-11-12 11:38:20,188: INFO: common: yaml file: params.yaml loaded successfully]
[2025-11-12 11:38:20,192: INFO: common: created directory at: artifacts]
[2025-11-12 11:38:20,200: INFO: common: created directory at: artifacts\training]
[2025-11-12 11:49:55,824: INFO: main: >>>>> stage Data Ingestion stage started <<<<<]
[2025-11-12 11:49:55,854: INFO: common: yaml file: config\config.yaml loaded successfully]
[2025-11-12 11:49:55,854: INFO: common: yaml file: params.yaml loaded successfully]
[2025-11-12 11:49:55,854: INFO: common: created directory at: artifacts]
[2025-11-12 11:49:55,875: INFO: common: created directory at: artifacts/data_ingestion]
[2025-11-12 11:49:55,876: INFO: data_ingestion: Downloading data from https://drive.google.com/file/d/1vlhZ5c7abUKF8xXERIw6m9Te8fW7ohw3/view?usp=sharing into file artifacts/data_ingestion/data.zip]
[2025-11-12 11:50:10,034: INFO: data_ingestion: Downloaded data from https://drive.google.com/file/d/1vlhZ5c7abUKF8xXERIw6m9Te8fW7ohw3/view?usp=sharing into file artifacts/data_ingestion/data.zip]
[2025-11-12 11:50:11,424: INFO: main: >>>>> stage Data Ingestion stage completed <<<<<]
[2025-11-12 11:50:11,424: INFO: main: >>>>> stage Prepare Base Model started <<<<<]
[2025-11-12 11:50:11,430: INFO: common: yaml file: config\config.yaml loaded successfully]
[2025-11-12 11:50:11,433: INFO: common: yaml file: params.yaml loaded successfully]
[2025-11-12 11:50:11,434: INFO: common: created directory at: artifacts]
[2025-11-12 11:50:11,435: INFO: common: created directory at: artifacts/prepare_base_model]
[2025-11-12 11:50:12,446: WARNING: saving_utils: Compiled the loaded model, but the compiled metrics have yet to be built. `model.compile_metrics` will be empty until you train or evaluate the model.]
[2025-11-12 11:50:13,690: INFO: main: >>>>> stage Prepare Base Model completed <<<<<]
[2025-11-12 11:50:13,690: INFO: main: >>>>> stage Model Training started <<<<<]
[2025-11-12 11:50:13,696: INFO: common: yaml file: config\config.yaml loaded successfully]
[2025-11-12 11:50:13,699: INFO: common: yaml file: params.yaml loaded successfully]
[2025-11-12 11:50:13,700: INFO: common: created directory at: artifacts]
[2025-11-12 11:50:13,701: INFO: common: created directory at: artifacts\training]
[2025-11-12 11:52:39,845: INFO: main: >>>>> stage Data Ingestion stage started <<<<<]
[2025-11-12 11:52:39,850: INFO: common: yaml file: config\config.yaml loaded successfully]
[2025-11-12 11:52:39,853: INFO: common: yaml file: params.yaml loaded successfully]
[2025-11-12 11:52:39,855: INFO: common: created directory at: artifacts]
[2025-11-12 11:52:39,856: INFO: common: created directory at: artifacts/data_ingestion]
[2025-11-12 11:52:39,857: INFO: data_ingestion: Downloading data from https://drive.google.com/file/d/1vlhZ5c7abUKF8xXERIw6m9Te8fW7ohw3/view?usp=sharing into file artifacts/data_ingestion/data.zip]
[2025-11-12 11:52:55,386: INFO: data_ingestion: Downloaded data from https://drive.google.com/file/d/1vlhZ5c7abUKF8xXERIw6m9Te8fW7ohw3/view?usp=sharing into file artifacts/data_ingestion/data.zip]
[2025-11-12 11:52:56,543: INFO: main: >>>>> stage Data Ingestion stage completed <<<<<]
[2025-11-12 11:52:56,544: INFO: main: >>>>> stage Prepare Base Model started <<<<<]
[2025-11-12 11:52:56,548: INFO: common: yaml file: config\config.yaml loaded successfully]
[2025-11-12 11:52:56,551: INFO: common: yaml file: params.yaml loaded successfully]
[2025-11-12 11:52:56,552: INFO: common: created directory at: artifacts]
[2025-11-12 11:52:56,553: INFO: common: created directory at: artifacts/prepare_base_model]
[2025-11-12 11:52:57,311: WARNING: saving_utils: Compiled the loaded model, but the compiled metrics have yet to be built. `model.compile_metrics` will be empty until you train or evaluate the model.]
[2025-11-12 11:52:59,903: INFO: main: >>>>> stage Prepare Base Model completed <<<<<]
[2025-11-12 11:52:59,904: INFO: main: >>>>> stage Model Training started <<<<<]
[2025-11-12 11:52:59,908: INFO: common: yaml file: config\config.yaml loaded successfully]
[2025-11-12 11:52:59,913: INFO: common: yaml file: params.yaml loaded successfully]
[2025-11-12 11:52:59,913: INFO: common: created directory at: artifacts]
[2025-11-12 11:52:59,913: INFO: common: created directory at: artifacts\training]
[2025-11-12 11:54:20,871: INFO: main: >>>>> stage Data Ingestion stage started <<<<<]
[2025-11-12 11:54:20,876: INFO: common: yaml file: config\config.yaml loaded successfully]
[2025-11-12 11:54:20,879: INFO: common: yaml file: params.yaml loaded successfully]
[2025-11-12 11:54:20,880: INFO: common: created directory at: artifacts]
[2025-11-12 11:54:20,881: INFO: common: created directory at: artifacts/data_ingestion]
[2025-11-12 11:54:20,882: INFO: data_ingestion: Downloading data from https://drive.google.com/file/d/1vlhZ5c7abUKF8xXERIw6m9Te8fW7ohw3/view?usp=sharing into file artifacts/data_ingestion/data.zip]
[2025-11-12 11:54:35,846: INFO: data_ingestion: Downloaded data from https://drive.google.com/file/d/1vlhZ5c7abUKF8xXERIw6m9Te8fW7ohw3/view?usp=sharing into file artifacts/data_ingestion/data.zip]
[2025-11-12 11:54:37,109: INFO: main: >>>>> stage Data Ingestion stage completed <<<<<]
[2025-11-12 11:54:37,109: INFO: main: >>>>> stage Prepare Base Model started <<<<<]
[2025-11-12 11:54:37,109: INFO: common: yaml file: config\config.yaml loaded successfully]
[2025-11-12 11:54:37,118: INFO: common: yaml file: params.yaml loaded successfully]
[2025-11-12 11:54:37,120: INFO: common: created directory at: artifacts]
[2025-11-12 11:54:37,121: INFO: common: created directory at: artifacts/prepare_base_model]
[2025-11-12 11:54:37,986: WARNING: saving_utils: Compiled the loaded model, but the compiled metrics have yet to be built. `model.compile_metrics` will be empty until you train or evaluate the model.]
[2025-11-12 11:54:39,175: INFO: main: >>>>> stage Prepare Base Model completed <<<<<]
[2025-11-12 11:54:39,176: INFO: main: >>>>> stage Model Training started <<<<<]
[2025-11-12 11:54:39,181: INFO: common: yaml file: config\config.yaml loaded successfully]
[2025-11-12 11:54:39,184: INFO: common: yaml file: params.yaml loaded successfully]
[2025-11-12 11:54:39,185: INFO: common: created directory at: artifacts]
[2025-11-12 11:54:39,186: INFO: common: created directory at: artifacts\training]
[2025-11-12 11:56:53,402: INFO: main: >>>>> stage Model Training completed <<<<<]
